<?xml version="1.0" encoding="UTF-8"?>
<!-- Generated by org.testng.reporters.JUnitXMLReporter -->
<testsuite ignored="0" hostname="HMECL006686" failures="0" tests="3" name="Default test" time="3.427" errors="0" timestamp="2024-02-02T15:46:18 IST">
  <testcase classname="testNG.UsingTestNGDynamicJson" name="adBook" time="3.113"/>
  <testcase classname="testNG.UsingTestNGDynamicJson" name="adBook" time="0.105"/>
  <testcase classname="testNG.UsingTestNGDynamicJson" name="adBook" time="0.095"/>
</testsuite> <!-- Default test -->
