<?xml version="1.0" encoding="UTF-8"?>
<!-- Generated by org.testng.reporters.JUnitXMLReporter -->
<testsuite ignored="2" hostname="HMECL006686" failures="0" tests="0" time="0.009" errors="0" timestamp="2024-01-18T12:58:50 IST">
  <testcase classname="com.herokuapp.theinternet.LoginPageTests" name="loginTest" time="0.0">
    <ignored/>
  </testcase> <!-- loginTest -->
  <testcase classname="com.herokuapp.theinternet.LoginPageTests$NegativeTests" name="negativeLoginTest" time="0.0">
    <ignored/>
  </testcase> <!-- negativeLoginTest -->
</testsuite>
