<?xml version="1.0" encoding="UTF-8"?>
<!-- Generated by org.testng.reporters.JUnitXMLReporter -->
<testsuite ignored="1" hostname="HMECL006686" failures="0" tests="1" name="NegativeTest" time="7.582" errors="0" timestamp="2024-01-18T10:56:42 IST">
  <testcase classname="com.herokuapp.theinternet.NegativeTests" name="loginTest2" time="7.543"/>
  <testcase classname="com.herokuapp.theinternet.NegativeTests" name="loginTest1" time="0.0">
    <ignored/>
  </testcase> <!-- loginTest1 -->
</testsuite> <!-- NegativeTest -->
