<?xml version="1.0" encoding="UTF-8"?>
<!-- Generated by org.testng.reporters.JUnitXMLReporter -->
<testsuite ignored="2" hostname="HMECL006686" failures="0" tests="1" name="Car Loan" time="0.008" errors="0" timestamp="2024-01-24T14:40:59 IST">
  <testcase classname="testNG.Test_CarLoan" name="MobileLoginCarLoan" time="0.002"/>
  <testcase classname="testNG.Test_CarLoan" name="LoginAPICarLoan" time="0.0">
    <ignored/>
  </testcase> <!-- LoginAPICarLoan -->
  <testcase classname="testNG.Test_CarLoan" name="WebLoginCarLoan" time="0.0">
    <ignored/>
  </testcase> <!-- WebLoginCarLoan -->
</testsuite> <!-- Car Loan -->
