<?xml version="1.0" encoding="UTF-8"?>
<!-- Generated by org.testng.reporters.JUnitXMLReporter -->
<testsuite ignored="1" hostname="HMECL006686" failures="0" tests="10" name="Demo TestNG" time="0.121" errors="0" timestamp="2024-01-24T18:01:01 IST">
  <testcase classname="testNG.Test1" name="runTestNG" time="0.007"/>
  <testcase classname="testNG.Test1" name="runTestNG2" time="0.001"/>
  <testcase classname="testNG.Test_HomeLoan" name="LoginAPIHomeLoan" time="0.001"/>
  <testcase classname="testNG.Test_HomeLoan" name="MobileLoginHomeLoan" time="0.001"/>
  <testcase classname="testNG.Test_CarLoan" name="WebLoginCarLoan" time="0.002"/>
  <testcase classname="testNG.Test_CarLoan" name="testParameters" time="0.002"/>
  <testcase classname="testNG.Test_CarLoan" name="dataPro" time="0.003"/>
  <testcase classname="testNG.Test_CarLoan" name="dataPro" time="0.001"/>
  <testcase classname="testNG.Test_CarLoan" name="dataPro" time="0.002"/>
  <testcase classname="testNG.Test_CarLoan" name="MobileLoginCarLoan" time="0.002"/>
  <testcase classname="testNG.Test_CarLoan" name="LoginAPICarLoan" time="0.0">
    <ignored/>
  </testcase> <!-- LoginAPICarLoan -->
</testsuite> <!-- Demo TestNG -->
