<?xml version="1.0" encoding="UTF-8"?>
<!-- Generated by org.testng.reporters.JUnitXMLReporter -->
<testsuite ignored="5" hostname="HMECL006686" failures="0" tests="2" name="Regression" time="0.047" errors="0" timestamp="2024-01-24T14:58:16 IST">
  <testcase classname="testNG.Test_HomeLoan" name="LoginAPIHomeLoan" time="0.006"/>
  <testcase classname="testNG.Test_HomeLoan" name="MobileLoginHomeLoan" time="0.002"/>
  <testcase classname="testNG.Test1" name="runTestNG2" time="0.0">
    <ignored/>
  </testcase> <!-- runTestNG2 -->
  <testcase classname="testNG.Test_CarLoan" name="WebLoginCarLoan" time="0.0">
    <ignored/>
  </testcase> <!-- WebLoginCarLoan -->
  <testcase classname="testNG.Test1" name="runTestNG" time="0.0">
    <ignored/>
  </testcase> <!-- runTestNG -->
  <testcase classname="testNG.Test_CarLoan" name="MobileLoginCarLoan" time="0.0">
    <ignored/>
  </testcase> <!-- MobileLoginCarLoan -->
  <testcase classname="testNG.Test_CarLoan" name="LoginAPICarLoan" time="0.0">
    <ignored/>
  </testcase> <!-- LoginAPICarLoan -->
</testsuite> <!-- Regression -->
