<?xml version="1.0" encoding="UTF-8"?>
<!-- Generated by org.testng.reporters.JUnitXMLReporter -->
<testsuite ignored="0" hostname="HMECL006686" failures="0" tests="8" name="TestNG Learn" time="0.067" errors="0" timestamp="2024-01-24T14:09:12 IST">
  <testcase classname="testNG.Test1" name="runTestNG" time="0.012"/>
  <testcase classname="testNG.Test1" name="runTestNG2" time="0.001"/>
  <testcase classname="testNG.Test_CarLoan" name="LoginAPICarLoan" time="0.001"/>
  <testcase classname="testNG.Test_CarLoan" name="MobileLoginCarLoan" time="0.001"/>
  <testcase classname="testNG.Test_CarLoan" name="WebLoginCarLoan" time="0.001"/>
  <testcase classname="testNG.Test_HomeLoan" name="LoginAPIHomeLoan" time="0.001"/>
  <testcase classname="testNG.Test_HomeLoan" name="MobileLoginHomeLoan" time="0.002"/>
  <testcase classname="testNG.Test_HomeLoan" name="WebLoginHomeLoan" time="0.001"/>
</testsuite> <!-- TestNG Learn -->
