<?xml version="1.0" encoding="UTF-8"?>
<testng-results ignored="0" total="3" passed="3" failed="0" skipped="0">
  <reporter-output>
  </reporter-output>
  <suite started-at="2024-02-02T15:46:15 IST" name="Default suite" finished-at="2024-02-02T15:46:18 IST" duration-ms="3427">
    <groups>
    </groups>
    <test started-at="2024-02-02T15:46:15 IST" name="Default test" finished-at="2024-02-02T15:46:18 IST" duration-ms="3427">
      <class name="testNG.UsingTestNGDynamicJson">
        <test-method signature="adBook(java.lang.String,java.lang.String)[pri:0, instance:testNG.UsingTestNGDynamicJson@35d019a3]" started-at="2024-02-02T15:46:15 IST" name="adBook" data-provider="BooksData" finished-at="2024-02-02T15:46:18 IST" duration-ms="3113" status="PASS">
          <params>
            <param index="0">
              <value>
                <![CDATA[aaa]]>
              </value>
            </param>
            <param index="1">
              <value>
                <![CDATA[1233]]>
              </value>
            </param>
          </params>
          <reporter-output>
          </reporter-output>
        </test-method> <!-- adBook -->
        <test-method signature="adBook(java.lang.String,java.lang.String)[pri:0, instance:testNG.UsingTestNGDynamicJson@35d019a3]" started-at="2024-02-02T15:46:18 IST" name="adBook" data-provider="BooksData" finished-at="2024-02-02T15:46:18 IST" duration-ms="105" status="PASS">
          <params>
            <param index="0">
              <value>
                <![CDATA[bbb]]>
              </value>
            </param>
            <param index="1">
              <value>
                <![CDATA[54321]]>
              </value>
            </param>
          </params>
          <reporter-output>
          </reporter-output>
        </test-method> <!-- adBook -->
        <test-method signature="adBook(java.lang.String,java.lang.String)[pri:0, instance:testNG.UsingTestNGDynamicJson@35d019a3]" started-at="2024-02-02T15:46:18 IST" name="adBook" data-provider="BooksData" finished-at="2024-02-02T15:46:18 IST" duration-ms="95" status="PASS">
          <params>
            <param index="0">
              <value>
                <![CDATA[vvvv]]>
              </value>
            </param>
            <param index="1">
              <value>
                <![CDATA[432134]]>
              </value>
            </param>
          </params>
          <reporter-output>
          </reporter-output>
        </test-method> <!-- adBook -->
      </class> <!-- testNG.UsingTestNGDynamicJson -->
    </test> <!-- Default test -->
  </suite> <!-- Default suite -->
</testng-results>
